<?xml version="1.0" encoding="UTF-8"?>
<!-- Generated by org.testng.reporters.JUnitReportReporter -->
<testsuite hostname="SRAINA-NB" failures="0" tests="3" name="com.filloTests.FilloTests.DataTest" time="1.033" errors="0" timestamp="2022-12-27T09:18:10 CET" skipped="2">
  <testcase classname="com.filloTests.FilloTests.DataTest" name="insertTest" time="1.033"/>
  <system-out/>
  <testcase classname="com.filloTests.FilloTests.DataTest" name="getTest">
    <skipped/>
  </testcase> <!-- getTest -->
  <system-out/>
  <testcase classname="com.filloTests.FilloTests.DataTest" name="updateTest">
    <skipped/>
  </testcase> <!-- updateTest -->
  <system-out/>
</testsuite> <!-- com.filloTests.FilloTests.DataTest -->
